2017-11-15 17:34:45,570 - decorator.py[line:30] - DEBUG: self.open(login_url)---open---2.064s
2017-11-15 17:34:46,885 - selenium_easy.py[line:63] - DEBUG: 找不到按钮'登录',尝试寻找该文本链接...
2017-11-15 17:34:46,937 - selenium_easy.py[line:74] - DEBUG: 找不到与文本'登录'完全一致的链接，尝试寻找包含该文本的链接...
2017-11-15 17:34:46,977 - selenium_easy.py[line:77] - DEBUG: 找不到文本包含'登录'的链接，尝试去掉空格完全匹配...
2017-11-15 17:34:50,433 - base_page.py[line:32] - DEBUG: page_obj subject：会员信息---config subject：会员信息
2017-11-15 17:34:50,433 - decorator.py[line:30] - DEBUG: p.load()---load---2.846s
2017-11-15 17:49:07,184 - decorator.py[line:30] - DEBUG: self.open(login_url)---open---1.566s
2017-11-15 17:49:08,178 - selenium_easy.py[line:63] - DEBUG: 找不到按钮'登录',尝试寻找该文本链接...
2017-11-15 17:49:08,206 - selenium_easy.py[line:74] - DEBUG: 找不到与文本'登录'完全一致的链接，尝试寻找包含该文本的链接...
2017-11-15 17:49:08,230 - selenium_easy.py[line:77] - DEBUG: 找不到文本包含'登录'的链接，尝试去掉空格完全匹配...
2017-11-15 17:49:17,461 - selenium_easy.py[line:74] - DEBUG: 找不到与文本'综合管理'完全一致的链接，尝试寻找包含该文本的链接...
2017-11-15 17:49:17,616 - selenium_easy.py[line:74] - DEBUG: 找不到与文本'综合信息'完全一致的链接，尝试寻找包含该文本的链接...
2017-11-15 17:49:17,661 - selenium_easy.py[line:77] - DEBUG: 找不到文本包含'综合信息'的链接，尝试去掉空格完全匹配...
2017-11-15 17:49:33,746 - decorator.py[line:30] - DEBUG: self.open(login_url)---open---2.587s
2017-11-15 17:49:34,703 - selenium_easy.py[line:63] - DEBUG: 找不到按钮'登录',尝试寻找该文本链接...
2017-11-15 17:49:34,728 - selenium_easy.py[line:74] - DEBUG: 找不到与文本'登录'完全一致的链接，尝试寻找包含该文本的链接...
2017-11-15 17:49:34,751 - selenium_easy.py[line:77] - DEBUG: 找不到文本包含'登录'的链接，尝试去掉空格完全匹配...
2017-11-15 17:49:37,849 - base_page.py[line:32] - DEBUG: page_obj subject：会员信息---config subject：会员信息
2017-11-15 17:49:37,849 - decorator.py[line:30] - DEBUG: p.load()---load---2.520s
2017-11-15 17:53:11,167 - decorator.py[line:30] - DEBUG: self.open(login_url)---open---0.302s
2017-11-15 17:53:12,014 - selenium_easy.py[line:63] - DEBUG: 找不到按钮'登录',尝试寻找该文本链接...
2017-11-15 17:53:12,038 - selenium_easy.py[line:74] - DEBUG: 找不到与文本'登录'完全一致的链接，尝试寻找包含该文本的链接...
2017-11-15 17:53:12,062 - selenium_easy.py[line:77] - DEBUG: 找不到文本包含'登录'的链接，尝试去掉空格完全匹配...
2017-11-15 17:53:17,595 - base_page.py[line:32] - DEBUG: page_obj subject：会员信息---config subject：会员信息
2017-11-15 17:53:17,595 - decorator.py[line:30] - DEBUG: p.load()---load---4.942s
2017-11-15 17:53:59,303 - decorator.py[line:30] - DEBUG: self.open(login_url)---open---0.311s
2017-11-15 17:54:00,154 - selenium_easy.py[line:63] - DEBUG: 找不到按钮'登录',尝试寻找该文本链接...
2017-11-15 17:54:00,177 - selenium_easy.py[line:74] - DEBUG: 找不到与文本'登录'完全一致的链接，尝试寻找包含该文本的链接...
2017-11-15 17:54:00,207 - selenium_easy.py[line:77] - DEBUG: 找不到文本包含'登录'的链接，尝试去掉空格完全匹配...
2017-11-15 17:54:06,012 - base_page.py[line:32] - DEBUG: page_obj subject：会员信息---config subject：会员信息
2017-11-15 17:54:06,012 - decorator.py[line:30] - DEBUG: p.load()---load---5.225s
2017-11-15 18:38:36,018 - decorator.py[line:30] - DEBUG: self.open(login_url)---open---0.699s
2017-11-15 18:38:36,867 - selenium_easy.py[line:63] - DEBUG: 找不到按钮'登录',尝试寻找该文本链接...
2017-11-15 18:38:36,892 - selenium_easy.py[line:74] - DEBUG: 找不到与文本'登录'完全一致的链接，尝试寻找包含该文本的链接...
2017-11-15 18:38:36,915 - selenium_easy.py[line:77] - DEBUG: 找不到文本包含'登录'的链接，尝试去掉空格完全匹配...
2017-11-15 18:38:38,656 - base_page.py[line:32] - DEBUG: page_obj subject：会员信息---config subject：会员信息
2017-11-15 18:38:38,656 - decorator.py[line:30] - DEBUG: p.load()---load---1.162s
2017-11-15 18:44:10,273 - decorator.py[line:30] - DEBUG: self.open(login_url)---open---0.351s
2017-11-15 18:44:11,114 - selenium_easy.py[line:63] - DEBUG: 找不到按钮'登录',尝试寻找该文本链接...
2017-11-15 18:44:11,137 - selenium_easy.py[line:74] - DEBUG: 找不到与文本'登录'完全一致的链接，尝试寻找包含该文本的链接...
2017-11-15 18:44:11,160 - selenium_easy.py[line:77] - DEBUG: 找不到文本包含'登录'的链接，尝试去掉空格完全匹配...
2017-11-15 18:44:12,715 - base_page.py[line:32] - DEBUG: page_obj subject：会员信息---config subject：会员信息
2017-11-15 18:44:12,716 - decorator.py[line:30] - DEBUG: p.load()---load---0.981s
2017-11-15 18:46:40,062 - decorator.py[line:30] - DEBUG: self.open(login_url)---open---0.437s
2017-11-15 18:46:40,904 - selenium_easy.py[line:63] - DEBUG: 找不到按钮'登录',尝试寻找该文本链接...
2017-11-15 18:46:40,927 - selenium_easy.py[line:74] - DEBUG: 找不到与文本'登录'完全一致的链接，尝试寻找包含该文本的链接...
2017-11-15 18:46:40,950 - selenium_easy.py[line:77] - DEBUG: 找不到文本包含'登录'的链接，尝试去掉空格完全匹配...
2017-11-15 18:46:42,709 - base_page.py[line:32] - DEBUG: page_obj subject：会员信息---config subject：会员信息
2017-11-15 18:46:42,709 - decorator.py[line:30] - DEBUG: p.load()---load---1.185s
2017-11-15 19:08:52,829 - decorator.py[line:30] - DEBUG: self.open(login_url)---open---0.356s
2017-11-15 19:08:53,663 - selenium_easy.py[line:63] - DEBUG: 找不到按钮'登录',尝试寻找该文本链接...
2017-11-15 19:08:53,688 - selenium_easy.py[line:74] - DEBUG: 找不到与文本'登录'完全一致的链接，尝试寻找包含该文本的链接...
2017-11-15 19:08:53,711 - selenium_easy.py[line:77] - DEBUG: 找不到文本包含'登录'的链接，尝试去掉空格完全匹配...
2017-11-15 19:08:55,372 - base_page.py[line:32] - DEBUG: page_obj subject：会员信息---config subject：会员信息
2017-11-15 19:08:55,372 - decorator.py[line:30] - DEBUG: p.load()---load---1.085s
2017-11-15 19:08:56,231 - selenium_easy.py[line:163] - DEBUG: 性别没有选中的项（默认显示第一项）
2017-11-15 19:08:56,273 - selenium_easy.py[line:163] - DEBUG: 民族没有选中的项（默认显示第一项）
2017-11-15 19:15:26,883 - decorator.py[line:30] - DEBUG: self.open(login_url)---open---0.519s
2017-11-15 19:15:27,742 - selenium_easy.py[line:63] - DEBUG: 找不到按钮'登录',尝试寻找该文本链接...
2017-11-15 19:15:27,759 - selenium_easy.py[line:74] - DEBUG: 找不到与文本'登录'完全一致的链接，尝试寻找包含该文本的链接...
2017-11-15 19:15:27,788 - selenium_easy.py[line:77] - DEBUG: 找不到文本包含'登录'的链接，尝试去掉空格完全匹配...
2017-11-15 19:15:29,166 - base_page.py[line:32] - DEBUG: page_obj subject：会员信息---config subject：会员信息
2017-11-15 19:15:29,166 - decorator.py[line:30] - DEBUG: p.load()---load---0.801s
2017-11-15 19:15:54,621 - decorator.py[line:30] - DEBUG: self.open(login_url)---open---0.298s
2017-11-15 19:15:55,465 - selenium_easy.py[line:63] - DEBUG: 找不到按钮'登录',尝试寻找该文本链接...
2017-11-15 19:15:55,488 - selenium_easy.py[line:74] - DEBUG: 找不到与文本'登录'完全一致的链接，尝试寻找包含该文本的链接...
2017-11-15 19:15:55,508 - selenium_easy.py[line:77] - DEBUG: 找不到文本包含'登录'的链接，尝试去掉空格完全匹配...
2017-11-15 19:15:58,051 - base_page.py[line:32] - DEBUG: page_obj subject：会员信息---config subject：会员信息
2017-11-15 19:15:58,051 - decorator.py[line:30] - DEBUG: p.load()---load---1.955s
2017-11-15 19:16:52,099 - decorator.py[line:30] - DEBUG: self.open(login_url)---open---0.348s
2017-11-15 19:16:52,947 - selenium_easy.py[line:63] - DEBUG: 找不到按钮'登录',尝试寻找该文本链接...
2017-11-15 19:16:52,956 - selenium_easy.py[line:74] - DEBUG: 找不到与文本'登录'完全一致的链接，尝试寻找包含该文本的链接...
2017-11-15 19:16:52,993 - selenium_easy.py[line:77] - DEBUG: 找不到文本包含'登录'的链接，尝试去掉空格完全匹配...
2017-11-15 19:16:54,374 - base_page.py[line:32] - DEBUG: page_obj subject：会员信息---config subject：会员信息
2017-11-15 19:16:54,374 - decorator.py[line:30] - DEBUG: p.load()---load---0.801s
2017-11-15 19:24:16,868 - decorator.py[line:30] - DEBUG: self.open(login_url)---open---0.595s
2017-11-15 19:24:17,849 - selenium_easy.py[line:63] - DEBUG: 找不到按钮'登录',尝试寻找该文本链接...
2017-11-15 19:24:17,888 - selenium_easy.py[line:74] - DEBUG: 找不到与文本'登录'完全一致的链接，尝试寻找包含该文本的链接...
2017-11-15 19:24:17,935 - selenium_easy.py[line:77] - DEBUG: 找不到文本包含'登录'的链接，尝试去掉空格完全匹配...
2017-11-15 19:24:19,518 - base_page.py[line:32] - DEBUG: page_obj subject：会员信息---config subject：会员信息
2017-11-15 19:24:19,519 - decorator.py[line:30] - DEBUG: p.load()---load---1.000s
2017-11-15 19:24:21,084 - decorator.py[line:30] - DEBUG: print(db.get(key='username', table='u_user', where_condition=where_condition)[0])---get---0.070s
