2017-11-16 04:21:26,667 - decorator.py[line:30] - DEBUG: self.open(login_url)---open---0.726s
2017-11-16 04:21:27,519 - selenium_easy.py[line:63] - DEBUG: 找不到按钮'登录',尝试寻找该文本链接...
2017-11-16 04:21:27,551 - selenium_easy.py[line:74] - DEBUG: 找不到与文本'登录'完全一致的链接，尝试寻找包含该文本的链接...
2017-11-16 04:21:27,573 - selenium_easy.py[line:77] - DEBUG: 找不到文本包含'登录'的链接，尝试去掉空格完全匹配...
2017-11-16 04:21:29,086 - base_page.py[line:32] - DEBUG: page_obj subject：会员信息---config subject：会员信息
2017-11-16 04:21:29,086 - decorator.py[line:30] - DEBUG: p.load()---load---0.927s
2017-11-16 04:24:18,868 - decorator.py[line:30] - DEBUG: self.open(login_url)---open---0.302s
2017-11-16 04:24:19,654 - selenium_easy.py[line:63] - DEBUG: 找不到按钮'登录',尝试寻找该文本链接...
2017-11-16 04:24:19,677 - selenium_easy.py[line:74] - DEBUG: 找不到与文本'登录'完全一致的链接，尝试寻找包含该文本的链接...
2017-11-16 04:24:19,701 - selenium_easy.py[line:77] - DEBUG: 找不到文本包含'登录'的链接，尝试去掉空格完全匹配...
2017-11-16 04:24:21,423 - base_page.py[line:32] - DEBUG: page_obj subject：会员信息---config subject：会员信息
2017-11-16 04:24:21,423 - decorator.py[line:30] - DEBUG: p.load()---load---1.142s
2017-11-16 04:24:22,914 - decorator.py[line:30] - DEBUG: print(db.get(key='username', table='u_user', where_condition=where_condition)[0])---get---0.012s
2017-11-16 04:25:43,027 - decorator.py[line:30] - DEBUG: self.open(login_url)---open---0.283s
2017-11-16 04:25:43,890 - selenium_easy.py[line:63] - DEBUG: 找不到按钮'登录',尝试寻找该文本链接...
2017-11-16 04:25:43,919 - selenium_easy.py[line:74] - DEBUG: 找不到与文本'登录'完全一致的链接，尝试寻找包含该文本的链接...
2017-11-16 04:25:43,944 - selenium_easy.py[line:77] - DEBUG: 找不到文本包含'登录'的链接，尝试去掉空格完全匹配...
2017-11-16 04:25:45,596 - base_page.py[line:32] - DEBUG: page_obj subject：会员信息---config subject：会员信息
2017-11-16 04:25:45,597 - decorator.py[line:30] - DEBUG: p.load()---load---1.075s
2017-11-16 04:25:47,115 - decorator.py[line:30] - DEBUG: print(db.get(key='username', table='u_user', where_condition=where_condition)[0])---get---0.002s
2017-11-16 04:53:08,204 - decorator.py[line:30] - DEBUG: self.open(login_url)---open---1.085s
2017-11-16 04:53:09,119 - selenium_easy.py[line:64] - DEBUG: 找不到按钮'登录',尝试寻找该文本链接...
2017-11-16 04:53:09,146 - selenium_easy.py[line:75] - DEBUG: 找不到与文本'登录'完全一致的链接，尝试寻找包含该文本的链接...
2017-11-16 04:53:09,169 - selenium_easy.py[line:78] - DEBUG: 找不到文本包含'登录'的链接，尝试去掉空格完全匹配...
2017-11-16 04:53:12,257 - base_page.py[line:32] - DEBUG: page_obj subject：会员信息---config subject：会员信息
2017-11-16 04:53:12,257 - decorator.py[line:30] - DEBUG: p.load()---load---2.512s
2017-11-16 04:53:12,278 - selenium_easy.py[line:64] - DEBUG: 找不到按钮'会员姓名',尝试寻找该文本链接...
2017-11-16 04:53:12,337 - selenium_easy.py[line:75] - DEBUG: 找不到与文本'会员姓名'完全一致的链接，尝试寻找包含该文本的链接...
2017-11-16 04:53:12,379 - selenium_easy.py[line:78] - DEBUG: 找不到文本包含'会员姓名'的链接，尝试去掉空格完全匹配...
2017-11-16 04:53:35,576 - decorator.py[line:30] - DEBUG: self.open(login_url)---open---0.485s
2017-11-16 04:53:36,482 - selenium_easy.py[line:64] - DEBUG: 找不到按钮'登录',尝试寻找该文本链接...
2017-11-16 04:53:36,507 - selenium_easy.py[line:75] - DEBUG: 找不到与文本'登录'完全一致的链接，尝试寻找包含该文本的链接...
2017-11-16 04:53:36,530 - selenium_easy.py[line:78] - DEBUG: 找不到文本包含'登录'的链接，尝试去掉空格完全匹配...
2017-11-16 04:53:38,138 - base_page.py[line:32] - DEBUG: page_obj subject：会员信息---config subject：会员信息
2017-11-16 04:53:38,138 - decorator.py[line:30] - DEBUG: p.load()---load---1.031s
2017-11-16 04:53:38,159 - selenium_easy.py[line:64] - DEBUG: 找不到按钮'会员姓名',尝试寻找该文本链接...
2017-11-16 04:53:38,220 - selenium_easy.py[line:75] - DEBUG: 找不到与文本'会员姓名'完全一致的链接，尝试寻找包含该文本的链接...
2017-11-16 04:53:38,261 - selenium_easy.py[line:78] - DEBUG: 找不到文本包含'会员姓名'的链接，尝试去掉空格完全匹配...
2017-11-16 04:55:27,083 - decorator.py[line:30] - DEBUG: self.open(login_url)---open---0.512s
2017-11-16 04:55:28,017 - selenium_easy.py[line:64] - DEBUG: 找不到按钮'登录',尝试寻找该文本链接...
2017-11-16 04:55:28,040 - selenium_easy.py[line:75] - DEBUG: 找不到与文本'登录'完全一致的链接，尝试寻找包含该文本的链接...
2017-11-16 04:55:28,064 - selenium_easy.py[line:78] - DEBUG: 找不到文本包含'登录'的链接，尝试去掉空格完全匹配...
2017-11-16 04:55:29,695 - base_page.py[line:32] - DEBUG: page_obj subject：会员信息---config subject：会员信息
2017-11-16 04:55:29,695 - decorator.py[line:30] - DEBUG: p.load()---load---1.046s
2017-11-16 04:55:30,757 - selenium_easy.py[line:64] - DEBUG: 找不到按钮'会员姓名',尝试寻找该文本链接...
2017-11-16 04:55:30,819 - selenium_easy.py[line:75] - DEBUG: 找不到与文本'会员姓名'完全一致的链接，尝试寻找包含该文本的链接...
2017-11-16 04:55:30,864 - selenium_easy.py[line:78] - DEBUG: 找不到文本包含'会员姓名'的链接，尝试去掉空格完全匹配...
2017-11-16 04:57:03,293 - decorator.py[line:30] - DEBUG: self.open(login_url)---open---0.746s
2017-11-16 04:57:04,230 - selenium_easy.py[line:64] - DEBUG: 找不到按钮'登录',尝试寻找该文本链接...
2017-11-16 04:57:04,256 - selenium_easy.py[line:75] - DEBUG: 找不到与文本'登录'完全一致的链接，尝试寻找包含该文本的链接...
2017-11-16 04:57:04,283 - selenium_easy.py[line:78] - DEBUG: 找不到文本包含'登录'的链接，尝试去掉空格完全匹配...
2017-11-16 04:57:05,952 - base_page.py[line:32] - DEBUG: page_obj subject：会员信息---config subject：会员信息
2017-11-16 04:57:05,953 - decorator.py[line:30] - DEBUG: p.load()---load---1.087s
2017-11-16 04:58:22,260 - decorator.py[line:30] - DEBUG: self.open(login_url)---open---0.764s
2017-11-16 04:58:23,208 - selenium_easy.py[line:64] - DEBUG: 找不到按钮'登录',尝试寻找该文本链接...
2017-11-16 04:58:23,234 - selenium_easy.py[line:75] - DEBUG: 找不到与文本'登录'完全一致的链接，尝试寻找包含该文本的链接...
2017-11-16 04:58:23,258 - selenium_easy.py[line:78] - DEBUG: 找不到文本包含'登录'的链接，尝试去掉空格完全匹配...
2017-11-16 04:58:24,922 - base_page.py[line:32] - DEBUG: page_obj subject：会员信息---config subject：会员信息
2017-11-16 04:58:24,922 - decorator.py[line:30] - DEBUG: p.load()---load---1.087s
2017-11-16 05:00:23,773 - decorator.py[line:30] - DEBUG: self.open(login_url)---open---0.850s
2017-11-16 05:00:24,711 - selenium_easy.py[line:64] - DEBUG: 找不到按钮'登录',尝试寻找该文本链接...
2017-11-16 05:00:24,743 - selenium_easy.py[line:75] - DEBUG: 找不到与文本'登录'完全一致的链接，尝试寻找包含该文本的链接...
2017-11-16 05:00:24,768 - selenium_easy.py[line:78] - DEBUG: 找不到文本包含'登录'的链接，尝试去掉空格完全匹配...
2017-11-16 05:00:26,567 - base_page.py[line:32] - DEBUG: page_obj subject：会员信息---config subject：会员信息
2017-11-16 05:00:26,567 - decorator.py[line:30] - DEBUG: p.load()---load---1.217s
2017-11-16 09:59:38,185 - decorator.py[line:30] - DEBUG: self.open(login_url)---open---4.527s
2017-11-16 10:00:09,517 - selenium_easy.py[line:65] - DEBUG: 找不到按钮'登录',尝试寻找该文本链接...
2017-11-16 10:00:19,590 - selenium_easy.py[line:76] - DEBUG: 找不到与文本'登录'完全一致的链接，尝试寻找包含该文本的链接...
2017-11-16 10:00:29,619 - selenium_easy.py[line:79] - DEBUG: 找不到文本包含'登录'的链接，尝试去掉空格完全匹配...
2017-11-16 10:00:39,343 - base_page.py[line:32] - DEBUG: page_obj subject：会员信息---config subject：会员信息
2017-11-16 10:00:39,344 - decorator.py[line:30] - DEBUG: page.load()---load---8.603s
2017-11-16 10:04:24,284 - decorator.py[line:30] - DEBUG: self.open(login_url)---open---5.821s
2017-11-16 10:04:25,534 - selenium_easy.py[line:65] - DEBUG: 找不到按钮'登录',尝试寻找该文本链接...
2017-11-16 10:04:25,565 - selenium_easy.py[line:76] - DEBUG: 找不到与文本'登录'完全一致的链接，尝试寻找包含该文本的链接...
2017-11-16 10:04:25,655 - selenium_easy.py[line:79] - DEBUG: 找不到文本包含'登录'的链接，尝试去掉空格完全匹配...
2017-11-16 10:05:32,423 - decorator.py[line:30] - DEBUG: self.open(login_url)---open---9.481s
2017-11-16 10:05:33,839 - selenium_easy.py[line:65] - DEBUG: 找不到按钮'登录',尝试寻找该文本链接...
2017-11-16 10:05:33,866 - selenium_easy.py[line:76] - DEBUG: 找不到与文本'登录'完全一致的链接，尝试寻找包含该文本的链接...
2017-11-16 10:05:33,895 - selenium_easy.py[line:79] - DEBUG: 找不到文本包含'登录'的链接，尝试去掉空格完全匹配...
2017-11-16 10:05:40,894 - base_page.py[line:32] - DEBUG: page_obj subject：会员信息---config subject：会员信息
2017-11-16 10:05:40,894 - decorator.py[line:30] - DEBUG: p.load()---load---5.909s
2017-11-16 10:06:48,106 - decorator.py[line:30] - DEBUG: self.open(login_url)---open---5.200s
2017-11-16 10:06:49,537 - selenium_easy.py[line:65] - DEBUG: 找不到按钮'登  录',尝试寻找该文本链接...
2017-11-16 10:06:49,567 - selenium_easy.py[line:76] - DEBUG: 找不到与文本'登  录'完全一致的链接，尝试寻找包含该文本的链接...
2017-11-16 10:06:49,594 - selenium_easy.py[line:79] - DEBUG: 找不到文本包含'登  录'的链接，尝试去掉空格完全匹配...
2017-11-16 10:07:00,354 - base_page.py[line:32] - DEBUG: page_obj subject：会员信息---config subject：会员信息
2017-11-16 10:07:00,355 - decorator.py[line:30] - DEBUG: p.load()---load---9.644s
2017-11-16 10:08:12,856 - decorator.py[line:30] - DEBUG: self.open(login_url)---open---8.183s
2017-11-16 10:08:44,240 - selenium_easy.py[line:65] - DEBUG: 找不到按钮'登  录',尝试寻找该文本链接...
2017-11-16 10:08:54,288 - selenium_easy.py[line:76] - DEBUG: 找不到与文本'登  录'完全一致的链接，尝试寻找包含该文本的链接...
2017-11-16 10:09:04,296 - selenium_easy.py[line:79] - DEBUG: 找不到文本包含'登  录'的链接，尝试去掉空格完全匹配...
2017-11-16 10:09:24,649 - base_page.py[line:32] - DEBUG: page_obj subject：会员信息---config subject：会员信息
2017-11-16 10:09:24,649 - decorator.py[line:30] - DEBUG: page.load()---load---19.263s
2017-11-16 11:07:02,495 - decorator.py[line:30] - DEBUG: self.open(login_url)---open---0.443s
2017-11-16 11:08:44,771 - decorator.py[line:30] - DEBUG: self.open(login_url)---open---0.819s
2017-11-16 11:12:00,629 - decorator.py[line:30] - DEBUG: self.open(login_url)---open---0.304s
2017-11-16 11:13:56,942 - decorator.py[line:30] - DEBUG: self.open(login_url)---open---0.315s
2017-11-16 11:14:00,699 - base_page.py[line:32] - DEBUG: page_obj subject：会员信息---config subject：会员信息
2017-11-16 11:14:00,699 - decorator.py[line:30] - DEBUG: page.load()---load---1.373s
2017-11-16 11:14:23,260 - decorator.py[line:30] - DEBUG: self.open(login_url)---open---0.316s
2017-11-16 11:14:27,049 - base_page.py[line:32] - DEBUG: page_obj subject：会员信息---config subject：会员信息
2017-11-16 11:14:27,049 - decorator.py[line:30] - DEBUG: page.load()---load---1.385s
2017-11-16 11:14:45,141 - decorator.py[line:30] - DEBUG: self.open(login_url)---open---0.314s
2017-11-16 11:14:48,882 - base_page.py[line:32] - DEBUG: page_obj subject：会员信息---config subject：会员信息
2017-11-16 11:14:48,882 - decorator.py[line:30] - DEBUG: page.load()---load---1.404s
2017-11-16 11:15:53,395 - decorator.py[line:30] - DEBUG: self.open(login_url)---open---0.271s
2017-11-16 11:15:57,159 - base_page.py[line:32] - DEBUG: page_obj subject：会员信息---config subject：会员信息
2017-11-16 11:15:57,159 - decorator.py[line:30] - DEBUG: page.load()---load---1.388s
2017-11-16 11:16:12,612 - decorator.py[line:30] - DEBUG: self.open(login_url)---open---0.354s
2017-11-16 11:16:16,408 - base_page.py[line:32] - DEBUG: page_obj subject：会员信息---config subject：会员信息
2017-11-16 11:16:16,408 - decorator.py[line:30] - DEBUG: page.load()---load---1.402s
2017-11-16 11:16:25,766 - decorator.py[line:30] - DEBUG: self.open(login_url)---open---0.288s
2017-11-16 11:16:29,556 - base_page.py[line:32] - DEBUG: page_obj subject：会员信息---config subject：会员信息
2017-11-16 11:16:29,556 - decorator.py[line:30] - DEBUG: page.load()---load---1.391s
2017-11-16 17:00:38,493 - decorator.py[line:30] - DEBUG: self.open(login_url)---open---3.447s
2017-11-16 17:00:51,590 - base_page.py[line:32] - DEBUG: page_obj subject：会员信息---config subject：会员信息
2017-11-16 17:00:51,590 - decorator.py[line:30] - DEBUG: page.load()---load---10.595s
2017-11-16 17:02:45,100 - decorator.py[line:30] - DEBUG: self.open(login_url)---open---3.002s
2017-11-16 17:02:55,218 - base_page.py[line:32] - DEBUG: page_obj subject：会员信息---config subject：会员信息
2017-11-16 17:02:55,218 - decorator.py[line:30] - DEBUG: p.load()---load---7.624s
2017-11-16 17:02:56,595 - selenium_easy.py[line:65] - DEBUG: 找不到按钮'显示更多内容',尝试寻找该文本链接...
2017-11-16 17:13:21,633 - decorator.py[line:30] - DEBUG: self.open(login_url)---open---2.406s
2017-11-16 17:13:30,667 - base_page.py[line:32] - DEBUG: page_obj subject：会员信息---config subject：会员信息
2017-11-16 17:13:30,667 - decorator.py[line:30] - DEBUG: p.load()---load---6.433s
2017-11-16 17:13:32,214 - selenium_easy.py[line:65] - DEBUG: 找不到按钮'显示更多内容',尝试寻找该文本链接...
2017-11-16 17:13:33,002 - selenium_easy.py[line:65] - DEBUG: 找不到按钮'保存',尝试寻找该文本链接...
2017-11-16 17:14:00,924 - decorator.py[line:30] - DEBUG: self.open(login_url)---open---1.531s
2017-11-16 17:14:09,268 - base_page.py[line:32] - DEBUG: page_obj subject：会员信息---config subject：会员信息
2017-11-16 17:14:09,268 - decorator.py[line:30] - DEBUG: p.load()---load---5.571s
2017-11-16 17:14:10,663 - selenium_easy.py[line:65] - DEBUG: 找不到按钮'显示更多内容',尝试寻找该文本链接...
2017-11-16 17:14:11,243 - selenium_easy.py[line:65] - DEBUG: 找不到按钮'保存',尝试寻找该文本链接...
