2017-11-23 13:00:43,588 - DEBUG: setUp...
2017-11-23 13:00:49,832 - DEBUG: self.open(login_url)---open---1.010s
2017-11-23 13:00:51,042 - DEBUG: self.type(self.input_username_loc, username)---type---0.206s
2017-11-23 13:00:51,162 - DEBUG: self.type(self.input_password_loc, password)---type---0.120s
2017-11-23 13:00:51,251 - DEBUG: self.click(self.btnLogin_loc)---click---0.089s
2017-11-23 13:00:52,810 - DEBUG: self.clicks(menu)---clicks---0.212s
2017-11-23 13:00:53,934 - DEBUG: page_obj subject：会员信息---config subject：会员信息
2017-11-23 13:00:53,934 - DEBUG: cls.page.load()---load---1.673s
2017-11-23 13:00:54,026 - DEBUG: return self.by_xpath('//*[contains(text(),"%s")]/following::input[%d]' % (label, index))---by_xpath---0.072s
2017-11-23 13:00:54,026 - DEBUG: input_elm = self.find_input_by_label(label, index)---find_input_by_label---0.080s
2017-11-23 13:00:54,182 - DEBUG: self.type('电话搜索：', phone)---type---0.248s
2017-11-23 13:00:54,210 - DEBUG: return self.by_xpath('//input[@type="button"][@value="%s"][%d]' % (value, index))---by_xpath---0.024s
2017-11-23 13:00:54,210 - DEBUG: self.find_button_by_value(value, index).click()---find_button_by_value---0.024s
2017-11-23 13:00:54,270 - DEBUG: self.click_btn('搜索')---click_btn---0.088s
2017-11-23 13:00:55,324 - DEBUG: return self.by_xpath('//*[contains(text(),"%s")]/following::input[%d]' % (label, index))---by_xpath---0.044s
2017-11-23 13:00:55,324 - DEBUG: return self.find_input_by_label(label).get_attribute('value')---find_input_by_label---0.052s
2017-11-23 13:00:55,336 - DEBUG: customer_phone = self.page.get_input_value('会员电话：')---get_input_value---0.064s
2017-11-23 13:00:55,336 - DEBUG: tearDown...
2017-11-23 13:08:24,841 - DEBUG: setUp...
2017-11-23 13:09:28,973 - DEBUG: self.open(login_url)---open---0.820s
2017-11-23 13:09:30,226 - DEBUG: self.type(self.input_username_loc, username)---type---0.251s
2017-11-23 13:09:30,382 - DEBUG: self.type(self.input_password_loc, password)---type---0.156s
2017-11-23 13:09:30,462 - DEBUG: self.click(self.btnLogin_loc)---click---0.080s
2017-11-23 13:09:31,995 - DEBUG: self.clicks(menu)---clicks---0.197s
2017-11-23 13:09:33,084 - DEBUG: page_obj subject：会员信息---config subject：会员信息
2017-11-23 13:09:33,088 - DEBUG: cls.page.load()---load---1.620s
2017-11-23 13:09:33,124 - DEBUG: return self.by_xpath('//*[contains(text(),"%s")]/following::input[%d]' % (label, index))---by_xpath---0.024s
2017-11-23 13:09:33,124 - DEBUG: input_elm = self.find_input_by_label(label, index)---find_input_by_label---0.028s
2017-11-23 13:09:33,205 - DEBUG: self.type('电话搜索：', phone)---type---0.117s
2017-11-23 13:09:33,229 - DEBUG: return self.by_xpath('//input[@type="button"][@value="%s"][%d]' % (value, index))---by_xpath---0.020s
2017-11-23 13:09:33,229 - DEBUG: self.find_button_by_value(value, index).click()---find_button_by_value---0.024s
2017-11-23 13:09:33,285 - DEBUG: self.click_btn('搜索')---click_btn---0.080s
2017-11-23 13:09:34,373 - DEBUG: return self.by_xpath('//*[contains(text(),"%s")]/following::input[%d]' % (label, index))---by_xpath---0.068s
2017-11-23 13:09:34,373 - DEBUG: return self.find_input_by_label(label).get_attribute('value')---find_input_by_label---0.076s
2017-11-23 13:09:34,389 - DEBUG: customer_phone = self.page.get_input_value('会员电话：')---get_input_value---0.100s
2017-11-23 13:09:34,393 - DEBUG: tearDown...
2017-11-23 13:10:01,793 - DEBUG: setUp...
2017-11-23 13:10:07,581 - DEBUG: self.open(login_url)---open---0.817s
2017-11-23 13:10:08,783 - DEBUG: self.type(self.input_username_loc, username)---type---0.199s
2017-11-23 13:10:08,884 - DEBUG: self.type(self.input_password_loc, password)---type---0.100s
2017-11-23 13:10:08,959 - DEBUG: self.click(self.btnLogin_loc)---click---0.075s
2017-11-23 13:10:10,621 - DEBUG: self.clicks(menu)---clicks---0.359s
2017-11-23 13:10:11,717 - DEBUG: page_obj subject：会员信息---config subject：会员信息
2017-11-23 13:10:11,717 - DEBUG: cls.page.load()---load---1.755s
2017-11-23 13:10:11,784 - DEBUG: return self.by_xpath('//*[contains(text(),"%s")]/following::input[%d]' % (label, index))---by_xpath---0.047s
2017-11-23 13:10:11,784 - DEBUG: input_elm = self.find_input_by_label(label, index)---find_input_by_label---0.055s
2017-11-23 13:10:11,920 - DEBUG: self.type('电话搜索：', phone)---type---0.199s
2017-11-23 13:10:11,952 - DEBUG: return self.by_xpath('//input[@type="button"][@value="%s"][%d]' % (value, index))---by_xpath---0.024s
2017-11-23 13:10:11,952 - DEBUG: self.find_button_by_value(value, index).click()---find_button_by_value---0.028s
2017-11-23 13:10:12,022 - DEBUG: self.click_btn('搜索')---click_btn---0.102s
2017-11-23 13:10:13,091 - DEBUG: return self.by_xpath('//*[contains(text(),"%s")]/following::input[%d]' % (label, index))---by_xpath---0.052s
2017-11-23 13:10:13,095 - DEBUG: return self.find_input_by_label(label).get_attribute('value')---find_input_by_label---0.064s
2017-11-23 13:10:13,119 - DEBUG: customer_phone = self.page.get_input_value('会员电话：')---get_input_value---0.096s
2017-11-23 13:10:13,123 - DEBUG: tearDown...
