1511178200339	geckodriver	INFO	geckodriver 0.19.1
1511178200347	geckodriver	INFO	Listening on 127.0.0.1:34516
1511178201643	mozrunner::runner	INFO	Running command: "/usr/bin/firefox" "-marionette" "-profile" "/tmp/rust_mozprofile.ZIsZ2itIvdv4"
1511178203613	Marionette	INFO	Listening on port 2828
/usr/lib64/firefox/plugin-container: Fatal IO error 11 (Resource temporarily unavailable) on X server :1001.
1511178276794	geckodriver	INFO	geckodriver 0.19.1
1511178276807	geckodriver	INFO	Listening on 127.0.0.1:37761
1511178278263	mozrunner::runner	INFO	Running command: "/usr/bin/firefox" "-marionette" "-profile" "/tmp/rust_mozprofile.EK1DCCltoigM"
1511178280200	Marionette	INFO	Listening on port 2828
1511178610542	geckodriver	INFO	geckodriver 0.19.1
1511178610550	geckodriver	INFO	Listening on 127.0.0.1:50098
1511178614142	mozrunner::runner	INFO	Running command: "/usr/bin/firefox" "-marionette" "-profile" "/tmp/rust_mozprofile.16IzJdznHErG"
Error: GDK_BACKEND does not match available displays
1511178641410	geckodriver	INFO	geckodriver 0.19.1
1511178641417	geckodriver	INFO	Listening on 127.0.0.1:52024
1511178642741	mozrunner::runner	INFO	Running command: "/usr/bin/firefox" "-marionette" "-profile" "/tmp/rust_mozprofile.0SFl5Qcgzsok"
1511178645518	Marionette	ERROR	Error on starting server: [Exception... "Component returned failure code: 0x804b0036 (NS_ERROR_SOCKET_ADDRESS_IN_USE) [nsIServerSocket.initSpecialConnection]"  nsresult: "0x804b0036 (NS_ERROR_SOCKET_ADDRESS_IN_USE)"  location: "JS frame :: chrome://marionette/content/server.js :: MarionetteServer.prototype.start :: line 95"  data: no]
[Exception... "Component returned failure code: 0x804b0036 (NS_ERROR_SOCKET_ADDRESS_IN_USE) [nsIServerSocket.initSpecialConnection]"  nsresult: "0x804b0036 (NS_ERROR_SOCKET_ADDRESS_IN_USE)"  location: "JS frame :: chrome://marionette/content/server.js :: MarionetteServer.prototype.start :: line 95"  data: no]
MarionetteServer.prototype.start@chrome://marionette/content/server.js:95:19
MarionetteComponent.prototype.init@resource://gre/components/marionette.js:217:5
MarionetteComponent.prototype.handle@resource://gre/components/marionette.js:112:5

/usr/lib64/firefox/plugin-container: Fatal IO error 11 (Resource temporarily unavailable) on X server :1005.
*************************
A coding exception was thrown and uncaught in a Task.

Full message: TypeError: NetworkError when attempting to fetch resource.
Full stack: 
*************************
